New log file opened at Wed Jun 17 20:30:35 EDT 2015 by 3199@oneironym-GA-970A-UD3
Sending msg to client play-fork-run-c4603296-72f0-4a96-bbee-8a8a8cf0b11b: DetachedLogEvent(LogMessage(debug,sbt server socket logs are in: /home/oneironym/jp/metadata-browser/.sbtserver/connections/master.log))
Sending msg to client play-fork-run-c4603296-72f0-4a96-bbee-8a8a8cf0b11b: DetachedLogEvent(LogMessage(debug,sbt client logs are in: /home/oneironym/jp/metadata-browser/.sbtserver/connections/play-fork-run-c4603296-72f0-4a96-bbee-8a8a8cf0b11b.log))
Sending msg to client play-fork-run-c4603296-72f0-4a96-bbee-8a8a8cf0b11b: DetachedLogEvent(LogMessage(debug,sbt general server logs are in: /home/oneironym/jp/metadata-browser/.sbtserver/master.log))
Reading next message from client.
Got request: DaemonRequest(true)
Reading next message from client.
Sending msg to client play-fork-run-c4603296-72f0-4a96-bbee-8a8a8cf0b11b: (3,ReceivedResponse())
Got request: ListenToEvents()
Reading next message from client.
Sending msg to client play-fork-run-c4603296-72f0-4a96-bbee-8a8a8cf0b11b: BackgroundJobStarted(50,BackgroundJobInfo(3,backgroundRun,AttributeKey[sbt.BackgroundJobHandle]("backgroundRun") in Scope(Build: file:/home/oneironym/jp/metadata-browser/, , Project: ProjectReference(file:/home/oneironym/jp/metadata-browser/,root), Config: compile)))
Sending msg to client play-fork-run-c4603296-72f0-4a96-bbee-8a8a8cf0b11b: (4,ReceivedResponse())
Got request: KeyLookupRequest(root/playForkConfig)
Reading next message from client.
Sending msg to client play-fork-run-c4603296-72f0-4a96-bbee-8a8a8cf0b11b: (5,KeyLookupResponse(root/playForkConfig,Vector(AttributeKey[play.forkrun.protocol.ForkConfig]("playForkConfig") in Scope(Build: file:/home/oneironym/jp/metadata-browser/, , Project: ProjectReference(file:/home/oneironym/jp/metadata-browser/,root)))))
Got request: ListenToValue(AttributeKey[play.forkrun.protocol.ForkConfig]("playForkConfig") in Scope(Build: file:/home/oneironym/jp/metadata-browser/, , Project: ProjectReference(file:/home/oneironym/jp/metadata-browser/,root)))
Reading next message from client.
Sending msg to client play-fork-run-c4603296-72f0-4a96-bbee-8a8a8cf0b11b: (6,ReceivedResponse())
Got request: KeyExecutionRequest(AttributeKey[play.forkrun.protocol.ForkConfig]("playForkConfig") in Scope(Build: file:/home/oneironym/jp/metadata-browser/, , Project: ProjectReference(file:/home/oneironym/jp/metadata-browser/,root)))
Reading next message from client.
Sending msg to client play-fork-run-c4603296-72f0-4a96-bbee-8a8a8cf0b11b: (7,ExecutionRequestReceived(51))
Sending msg to client play-fork-run-c4603296-72f0-4a96-bbee-8a8a8cf0b11b: ExecutionWaiting(51,{file:/home/oneironym/jp/metadata-browser/}root/*:playForkConfig,ClientInfo(c4603296-72f0-4a96-bbee-8a8a8cf0b11b,play-fork-run,Play Fork Run,1,Vector()))
Sending msg to client play-fork-run-c4603296-72f0-4a96-bbee-8a8a8cf0b11b: ExecutionStarting(51)
Sending msg to client play-fork-run-c4603296-72f0-4a96-bbee-8a8a8cf0b11b: DetachedLogEvent(LogMessage(debug,> {file:/home/oneironym/jp/metadata-browser/}root/*:playForkConfig))
Sending msg to client play-fork-run-c4603296-72f0-4a96-bbee-8a8a8cf0b11b: DetachedLogEvent(LogMessage(debug,Evaluating tasks: *:playForkConfig))
Sending msg to client play-fork-run-c4603296-72f0-4a96-bbee-8a8a8cf0b11b: DetachedLogEvent(LogMessage(debug,Running task... Cancel: sbt.server.ServerTaskCancellation@4604aa88, check cycles: false))
Sending msg to client play-fork-run-c4603296-72f0-4a96-bbee-8a8a8cf0b11b: DetachedLogEvent(LogMessage(debug,cancel strategy start enabled=true lastCommand=Some(LastCommand(CommandExecutionWork(ExecutionId(51),{file:/home/oneironym/jp/metadata-browser/}root/*:playForkConfig,Set(LiveClient(play-fork-run c4603296-72f0-4a96-bbee-8a8a8cf0b11b)),sbt.server.WorkCancellationStatus$$anon$1@5c57eaa1)))))
Sending msg to client play-fork-run-c4603296-72f0-4a96-bbee-8a8a8cf0b11b: TaskStarted(51,5368,None)
Sending msg to client play-fork-run-c4603296-72f0-4a96-bbee-8a8a8cf0b11b: TaskStarted(51,5376,None)
Sending msg to client play-fork-run-c4603296-72f0-4a96-bbee-8a8a8cf0b11b: TaskStarted(51,5380,Some(AttributeKey[scala.collection.Seq[sbt.Resolver]]("externalResolvers") in Scope(Build: file:/home/oneironym/jp/metadata-browser/, , Project: ProjectReference(file:/home/oneironym/jp/metadata-browser/,root))))
Sending msg to client play-fork-run-c4603296-72f0-4a96-bbee-8a8a8cf0b11b: TaskStarted(51,5381,Some(AttributeKey[scala.Option[scala.collection.Seq[sbt.Resolver]]]("bootResolvers") in Scope(Build: file:/home/oneironym/jp/metadata-browser/, , Project: ProjectReference(file:/home/oneironym/jp/metadata-browser/,root))))
Sending msg to client play-fork-run-c4603296-72f0-4a96-bbee-8a8a8cf0b11b: TaskStarted(51,5386,Some(AttributeKey[scala.collection.Seq[sbt.Credentials]]("credentials") in Scope(Global)))
Sending msg to client play-fork-run-c4603296-72f0-4a96-bbee-8a8a8cf0b11b: TaskStarted(51,5388,Some(AttributeKey[java.lang.String]("updateCacheName") in Scope(Build: file:/home/oneironym/jp/metadata-browser/, , Project: ProjectReference(file:/home/oneironym/jp/metadata-browser/,root))))
Sending msg to client play-fork-run-c4603296-72f0-4a96-bbee-8a8a8cf0b11b: TaskStarted(51,5394,None)
Sending msg to client play-fork-run-c4603296-72f0-4a96-bbee-8a8a8cf0b11b: TaskStarted(51,5395,None)
Sending msg to client play-fork-run-c4603296-72f0-4a96-bbee-8a8a8cf0b11b: TaskStarted(51,5396,Some(AttributeKey[boolean]("skip") in Scope(Global)))
Sending msg to client play-fork-run-c4603296-72f0-4a96-bbee-8a8a8cf0b11b: TaskStarted(51,5397,None)
Sending msg to client play-fork-run-c4603296-72f0-4a96-bbee-8a8a8cf0b11b: TaskStarted(51,5399,None)
Sending msg to client play-fork-run-c4603296-72f0-4a96-bbee-8a8a8cf0b11b: TaskStarted(51,5400,Some(AttributeKey[scala.collection.Seq[java.lang.String]]("javaOptions") in Scope(Global)))
Sending msg to client play-fork-run-c4603296-72f0-4a96-bbee-8a8a8cf0b11b: TaskStarted(51,5414,None)
Sending msg to client play-fork-run-c4603296-72f0-4a96-bbee-8a8a8cf0b11b: TaskStarted(51,5418,Some(AttributeKey[scala.Tuple2[java.lang.String,java.io.File]]("playPrefixAndAssets") in Scope(Build: file:/home/oneironym/jp/metadata-browser/, , Project: ProjectReference(file:/home/oneironym/jp/metadata-browser/,root))))
Sending msg to client play-fork-run-c4603296-72f0-4a96-bbee-8a8a8cf0b11b: TaskFinished(51,5368,None,true,None)
Sending msg to client play-fork-run-c4603296-72f0-4a96-bbee-8a8a8cf0b11b: TaskStarted(51,5367,None)
Sending msg to client play-fork-run-c4603296-72f0-4a96-bbee-8a8a8cf0b11b: TaskStarted(51,5384,None)
Sending msg to client play-fork-run-c4603296-72f0-4a96-bbee-8a8a8cf0b11b: TaskStarted(51,5385,None)
Sending msg to client play-fork-run-c4603296-72f0-4a96-bbee-8a8a8cf0b11b: TaskStarted(51,5387,None)
Sending msg to client play-fork-run-c4603296-72f0-4a96-bbee-8a8a8cf0b11b: TaskStarted(51,5391,None)
Sending msg to client play-fork-run-c4603296-72f0-4a96-bbee-8a8a8cf0b11b: TaskStarted(51,5403,None)
Sending msg to client play-fork-run-c4603296-72f0-4a96-bbee-8a8a8cf0b11b: TaskStarted(51,5406,None)
Sending msg to client play-fork-run-c4603296-72f0-4a96-bbee-8a8a8cf0b11b: TaskStarted(51,5409,None)
Sending msg to client play-fork-run-c4603296-72f0-4a96-bbee-8a8a8cf0b11b: TaskFinished(51,5376,None,true,None)
Sending msg to client play-fork-run-c4603296-72f0-4a96-bbee-8a8a8cf0b11b: TaskStarted(51,5375,Some(AttributeKey[sbt.BuildStructure]("buildStructure") in Scope(Global)))
Sending msg to client play-fork-run-c4603296-72f0-4a96-bbee-8a8a8cf0b11b: TaskStarted(51,5392,Some(AttributeKey[java.io.File]("dependencyCacheDirectory") in Scope(Build: file:/home/oneironym/jp/metadata-browser/, , Project: ProjectReference(file:/home/oneironym/jp/metadata-browser/,root))))
Sending msg to client play-fork-run-c4603296-72f0-4a96-bbee-8a8a8cf0b11b: TaskStarted(51,5401,Some(AttributeKey[scala.collection.Seq[java.lang.String]]("playMonitoredFiles") in Scope(Build: file:/home/oneironym/jp/metadata-browser/, , Project: ProjectReference(file:/home/oneironym/jp/metadata-browser/,root))))
Sending msg to client play-fork-run-c4603296-72f0-4a96-bbee-8a8a8cf0b11b: TaskFinished(51,5380,Some(AttributeKey[scala.collection.Seq[sbt.Resolver]]("externalResolvers") in Scope(Build: file:/home/oneironym/jp/metadata-browser/, , Project: ProjectReference(file:/home/oneironym/jp/metadata-browser/,root))),true,None)
Sending msg to client play-fork-run-c4603296-72f0-4a96-bbee-8a8a8cf0b11b: TaskFinished(51,5381,Some(AttributeKey[scala.Option[scala.collection.Seq[sbt.Resolver]]]("bootResolvers") in Scope(Build: file:/home/oneironym/jp/metadata-browser/, , Project: ProjectReference(file:/home/oneironym/jp/metadata-browser/,root))),true,None)
Sending msg to client play-fork-run-c4603296-72f0-4a96-bbee-8a8a8cf0b11b: TaskFinished(51,5386,Some(AttributeKey[scala.collection.Seq[sbt.Credentials]]("credentials") in Scope(Global)),true,None)
Sending msg to client play-fork-run-c4603296-72f0-4a96-bbee-8a8a8cf0b11b: TaskFinished(51,5388,Some(AttributeKey[java.lang.String]("updateCacheName") in Scope(Build: file:/home/oneironym/jp/metadata-browser/, , Project: ProjectReference(file:/home/oneironym/jp/metadata-browser/,root))),true,None)
Sending msg to client play-fork-run-c4603296-72f0-4a96-bbee-8a8a8cf0b11b: TaskFinished(51,5394,None,true,None)
Sending msg to client play-fork-run-c4603296-72f0-4a96-bbee-8a8a8cf0b11b: TaskFinished(51,5395,None,true,None)
Sending msg to client play-fork-run-c4603296-72f0-4a96-bbee-8a8a8cf0b11b: TaskStarted(51,5393,Some(AttributeKey[scala.collection.Seq[sbt.UpdateReport]]("transitiveUpdate") in Scope(Build: file:/home/oneironym/jp/metadata-browser/, , Project: ProjectReference(file:/home/oneironym/jp/metadata-browser/,root))))
Sending msg to client play-fork-run-c4603296-72f0-4a96-bbee-8a8a8cf0b11b: TaskFinished(51,5396,Some(AttributeKey[boolean]("skip") in Scope(Global)),true,None)
Sending msg to client play-fork-run-c4603296-72f0-4a96-bbee-8a8a8cf0b11b: TaskFinished(51,5397,None,true,None)
Sending msg to client play-fork-run-c4603296-72f0-4a96-bbee-8a8a8cf0b11b: TaskFinished(51,5399,None,true,None)
Sending msg to client play-fork-run-c4603296-72f0-4a96-bbee-8a8a8cf0b11b: TaskFinished(51,5400,Some(AttributeKey[scala.collection.Seq[java.lang.String]]("javaOptions") in Scope(Global)),true,None)
Sending msg to client play-fork-run-c4603296-72f0-4a96-bbee-8a8a8cf0b11b: TaskFinished(51,5414,None,true,None)
Sending msg to client play-fork-run-c4603296-72f0-4a96-bbee-8a8a8cf0b11b: TaskFinished(51,5418,Some(AttributeKey[scala.Tuple2[java.lang.String,java.io.File]]("playPrefixAndAssets") in Scope(Build: file:/home/oneironym/jp/metadata-browser/, , Project: ProjectReference(file:/home/oneironym/jp/metadata-browser/,root))),true,None)
Sending msg to client play-fork-run-c4603296-72f0-4a96-bbee-8a8a8cf0b11b: TaskStarted(51,5417,None)
Sending msg to client play-fork-run-c4603296-72f0-4a96-bbee-8a8a8cf0b11b: TaskFinished(51,5367,None,true,None)
Sending msg to client play-fork-run-c4603296-72f0-4a96-bbee-8a8a8cf0b11b: TaskFinished(51,5384,None,true,None)
Sending msg to client play-fork-run-c4603296-72f0-4a96-bbee-8a8a8cf0b11b: TaskFinished(51,5385,None,true,None)
Sending msg to client play-fork-run-c4603296-72f0-4a96-bbee-8a8a8cf0b11b: TaskFinished(51,5387,None,true,None)
Sending msg to client play-fork-run-c4603296-72f0-4a96-bbee-8a8a8cf0b11b: TaskFinished(51,5391,None,true,None)
Sending msg to client play-fork-run-c4603296-72f0-4a96-bbee-8a8a8cf0b11b: TaskStarted(51,5390,Some(AttributeKey[scala.collection.immutable.Map[sbt.ModuleID,sbt.SourcePosition]]("dependencyPositions") in Scope(Build: file:/home/oneironym/jp/metadata-browser/, , Project: ProjectReference(file:/home/oneironym/jp/metadata-browser/,root))))
Sending msg to client play-fork-run-c4603296-72f0-4a96-bbee-8a8a8cf0b11b: TaskFinished(51,5403,None,true,None)
Sending msg to client play-fork-run-c4603296-72f0-4a96-bbee-8a8a8cf0b11b: TaskFinished(51,5406,None,true,None)
Sending msg to client play-fork-run-c4603296-72f0-4a96-bbee-8a8a8cf0b11b: TaskFinished(51,5409,None,true,None)
Sending msg to client play-fork-run-c4603296-72f0-4a96-bbee-8a8a8cf0b11b: TaskFinished(51,5375,Some(AttributeKey[sbt.BuildStructure]("buildStructure") in Scope(Global)),true,None)
Sending msg to client play-fork-run-c4603296-72f0-4a96-bbee-8a8a8cf0b11b: TaskStarted(51,5374,Some(AttributeKey[sbt.Settings[sbt.Scope]]("settingsData") in Scope(Global)))
Sending msg to client play-fork-run-c4603296-72f0-4a96-bbee-8a8a8cf0b11b: TaskFinished(51,5392,Some(AttributeKey[java.io.File]("dependencyCacheDirectory") in Scope(Build: file:/home/oneironym/jp/metadata-browser/, , Project: ProjectReference(file:/home/oneironym/jp/metadata-browser/,root))),true,None)
Sending msg to client play-fork-run-c4603296-72f0-4a96-bbee-8a8a8cf0b11b: TaskFinished(51,5401,Some(AttributeKey[scala.collection.Seq[java.lang.String]]("playMonitoredFiles") in Scope(Build: file:/home/oneironym/jp/metadata-browser/, , Project: ProjectReference(file:/home/oneironym/jp/metadata-browser/,root))),true,None)
Sending msg to client play-fork-run-c4603296-72f0-4a96-bbee-8a8a8cf0b11b: TaskFinished(51,5393,Some(AttributeKey[scala.collection.Seq[sbt.UpdateReport]]("transitiveUpdate") in Scope(Build: file:/home/oneironym/jp/metadata-browser/, , Project: ProjectReference(file:/home/oneironym/jp/metadata-browser/,root))),true,None)
Sending msg to client play-fork-run-c4603296-72f0-4a96-bbee-8a8a8cf0b11b: TaskFinished(51,5417,None,true,None)
Sending msg to client play-fork-run-c4603296-72f0-4a96-bbee-8a8a8cf0b11b: TaskStarted(51,5416,None)
Sending msg to client play-fork-run-c4603296-72f0-4a96-bbee-8a8a8cf0b11b: TaskFinished(51,5390,Some(AttributeKey[scala.collection.immutable.Map[sbt.ModuleID,sbt.SourcePosition]]("dependencyPositions") in Scope(Build: file:/home/oneironym/jp/metadata-browser/, , Project: ProjectReference(file:/home/oneironym/jp/metadata-browser/,root))),true,None)
Sending msg to client play-fork-run-c4603296-72f0-4a96-bbee-8a8a8cf0b11b: TaskStarted(51,5389,Some(AttributeKey[sbt.UnresolvedWarningConfiguration]("unresolvedWarningConfiguration") in Scope(Build: file:/home/oneironym/jp/metadata-browser/, , Project: ProjectReference(file:/home/oneironym/jp/metadata-browser/,root), Task: AttributeKey[sbt.UpdateReport]("update"))))
Sending msg to client play-fork-run-c4603296-72f0-4a96-bbee-8a8a8cf0b11b: TaskFinished(51,5374,Some(AttributeKey[sbt.Settings[sbt.Scope]]("settingsData") in Scope(Global)),true,None)
Sending msg to client play-fork-run-c4603296-72f0-4a96-bbee-8a8a8cf0b11b: TaskStarted(51,5373,Some(AttributeKey[scala.collection.Seq[sbt.ModuleID]]("projectDependencies") in Scope(Build: file:/home/oneironym/jp/metadata-browser/, , Project: ProjectReference(file:/home/oneironym/jp/metadata-browser/,root))))
Sending msg to client play-fork-run-c4603296-72f0-4a96-bbee-8a8a8cf0b11b: TaskStarted(51,5383,Some(AttributeKey[scala.collection.immutable.Map[org.apache.ivy.core.module.id.ModuleRevisionId,org.apache.ivy.core.module.descriptor.ModuleDescriptor]]("projectDescriptors") in Scope(Build: file:/home/oneironym/jp/metadata-browser/, , Project: ProjectReference(file:/home/oneironym/jp/metadata-browser/,root))))
Sending msg to client play-fork-run-c4603296-72f0-4a96-bbee-8a8a8cf0b11b: TaskStarted(51,5398,None)
Sending msg to client play-fork-run-c4603296-72f0-4a96-bbee-8a8a8cf0b11b: TaskStarted(51,5407,None)
Sending msg to client play-fork-run-c4603296-72f0-4a96-bbee-8a8a8cf0b11b: TaskFinished(51,5416,None,true,None)
Sending msg to client play-fork-run-c4603296-72f0-4a96-bbee-8a8a8cf0b11b: TaskStarted(51,5415,Some(AttributeKey[scala.collection.Seq[scala.Tuple2[java.lang.String,java.io.File]]]("playAllAssets") in Scope(Build: file:/home/oneironym/jp/metadata-browser/, , Project: ProjectReference(file:/home/oneironym/jp/metadata-browser/,root))))
Sending msg to client play-fork-run-c4603296-72f0-4a96-bbee-8a8a8cf0b11b: TaskFinished(51,5389,Some(AttributeKey[sbt.UnresolvedWarningConfiguration]("unresolvedWarningConfiguration") in Scope(Build: file:/home/oneironym/jp/metadata-browser/, , Project: ProjectReference(file:/home/oneironym/jp/metadata-browser/,root), Task: AttributeKey[sbt.UpdateReport]("update"))),true,None)
Sending msg to client play-fork-run-c4603296-72f0-4a96-bbee-8a8a8cf0b11b: TaskFinished(51,5373,Some(AttributeKey[scala.collection.Seq[sbt.ModuleID]]("projectDependencies") in Scope(Build: file:/home/oneironym/jp/metadata-browser/, , Project: ProjectReference(file:/home/oneironym/jp/metadata-browser/,root))),true,None)
Sending msg to client play-fork-run-c4603296-72f0-4a96-bbee-8a8a8cf0b11b: TaskStarted(51,5372,Some(AttributeKey[scala.collection.Seq[sbt.ModuleID]]("allDependencies") in Scope(Build: file:/home/oneironym/jp/metadata-browser/, , Project: ProjectReference(file:/home/oneironym/jp/metadata-browser/,root))))
Sending msg to client play-fork-run-c4603296-72f0-4a96-bbee-8a8a8cf0b11b: TaskStarted(51,5419,None)
Sending msg to client play-fork-run-c4603296-72f0-4a96-bbee-8a8a8cf0b11b: TaskStarted(51,5421,None)
Sending msg to client play-fork-run-c4603296-72f0-4a96-bbee-8a8a8cf0b11b: TaskStarted(51,5426,None)
Sending msg to client play-fork-run-c4603296-72f0-4a96-bbee-8a8a8cf0b11b: TaskStarted(51,5427,None)
Sending msg to client play-fork-run-c4603296-72f0-4a96-bbee-8a8a8cf0b11b: TaskStarted(51,5429,None)
Sending msg to client play-fork-run-c4603296-72f0-4a96-bbee-8a8a8cf0b11b: TaskStarted(51,5431,None)
Sending msg to client play-fork-run-c4603296-72f0-4a96-bbee-8a8a8cf0b11b: TaskStarted(51,5432,None)
Sending msg to client play-fork-run-c4603296-72f0-4a96-bbee-8a8a8cf0b11b: TaskFinished(51,5415,Some(AttributeKey[scala.collection.Seq[scala.Tuple2[java.lang.String,java.io.File]]]("playAllAssets") in Scope(Build: file:/home/oneironym/jp/metadata-browser/, , Project: ProjectReference(file:/home/oneironym/jp/metadata-browser/,root))),true,None)
Sending msg to client play-fork-run-c4603296-72f0-4a96-bbee-8a8a8cf0b11b: TaskFinished(51,5372,Some(AttributeKey[scala.collection.Seq[sbt.ModuleID]]("allDependencies") in Scope(Build: file:/home/oneironym/jp/metadata-browser/, , Project: ProjectReference(file:/home/oneironym/jp/metadata-browser/,root))),true,None)
Sending msg to client play-fork-run-c4603296-72f0-4a96-bbee-8a8a8cf0b11b: TaskStarted(51,5371,Some(AttributeKey[sbt.ModuleSettings]("moduleSettings") in Scope(Build: file:/home/oneironym/jp/metadata-browser/, , Project: ProjectReference(file:/home/oneironym/jp/metadata-browser/,root))))
Sending msg to client play-fork-run-c4603296-72f0-4a96-bbee-8a8a8cf0b11b: TaskFinished(51,5419,None,true,None)
Sending msg to client play-fork-run-c4603296-72f0-4a96-bbee-8a8a8cf0b11b: TaskFinished(51,5398,None,true,None)
Sending msg to client play-fork-run-c4603296-72f0-4a96-bbee-8a8a8cf0b11b: TaskFinished(51,5421,None,true,None)
Sending msg to client play-fork-run-c4603296-72f0-4a96-bbee-8a8a8cf0b11b: TaskStarted(51,5420,None)
Sending msg to client play-fork-run-c4603296-72f0-4a96-bbee-8a8a8cf0b11b: TaskFinished(51,5427,None,true,None)
Sending msg to client play-fork-run-c4603296-72f0-4a96-bbee-8a8a8cf0b11b: TaskFinished(51,5426,None,true,None)
Sending msg to client play-fork-run-c4603296-72f0-4a96-bbee-8a8a8cf0b11b: TaskStarted(51,5425,Some(AttributeKey[scala.collection.Seq[sbt.Attributed[java.io.File]]]("unmanagedJars") in Scope(Build: file:/home/oneironym/jp/metadata-browser/, , Project: ProjectReference(file:/home/oneironym/jp/metadata-browser/,root), Config: compile)))
Sending msg to client play-fork-run-c4603296-72f0-4a96-bbee-8a8a8cf0b11b: TaskFinished(51,5429,None,true,None)
Sending msg to client play-fork-run-c4603296-72f0-4a96-bbee-8a8a8cf0b11b: TaskStarted(51,5428,None)
Sending msg to client play-fork-run-c4603296-72f0-4a96-bbee-8a8a8cf0b11b: TaskFinished(51,5432,None,true,None)
Sending msg to client play-fork-run-c4603296-72f0-4a96-bbee-8a8a8cf0b11b: TaskFinished(51,5431,None,true,None)
Sending msg to client play-fork-run-c4603296-72f0-4a96-bbee-8a8a8cf0b11b: TaskStarted(51,5430,Some(AttributeKey[scala.collection.Seq[sbt.Attributed[java.io.File]]]("unmanagedJars") in Scope(Build: file:/home/oneironym/jp/metadata-browser/, , Project: ProjectReference(file:/home/oneironym/jp/metadata-browser/,root), Config: runtime)))
Sending msg to client play-fork-run-c4603296-72f0-4a96-bbee-8a8a8cf0b11b: TaskFinished(51,5371,Some(AttributeKey[sbt.ModuleSettings]("moduleSettings") in Scope(Build: file:/home/oneironym/jp/metadata-browser/, , Project: ProjectReference(file:/home/oneironym/jp/metadata-browser/,root))),true,None)
Sending msg to client play-fork-run-c4603296-72f0-4a96-bbee-8a8a8cf0b11b: TaskFinished(51,5420,None,true,None)
Sending msg to client play-fork-run-c4603296-72f0-4a96-bbee-8a8a8cf0b11b: TaskFinished(51,5383,Some(AttributeKey[scala.collection.immutable.Map[org.apache.ivy.core.module.id.ModuleRevisionId,org.apache.ivy.core.module.descriptor.ModuleDescriptor]]("projectDescriptors") in Scope(Build: file:/home/oneironym/jp/metadata-browser/, , Project: ProjectReference(file:/home/oneironym/jp/metadata-browser/,root))),true,None)
Sending msg to client play-fork-run-c4603296-72f0-4a96-bbee-8a8a8cf0b11b: TaskStarted(51,5382,Some(AttributeKey[sbt.Resolver]("projectResolver") in Scope(Build: file:/home/oneironym/jp/metadata-browser/, , Project: ProjectReference(file:/home/oneironym/jp/metadata-browser/,root))))
Sending msg to client play-fork-run-c4603296-72f0-4a96-bbee-8a8a8cf0b11b: TaskStarted(51,5433,None)
Sending msg to client play-fork-run-c4603296-72f0-4a96-bbee-8a8a8cf0b11b: TaskFinished(51,5425,Some(AttributeKey[scala.collection.Seq[sbt.Attributed[java.io.File]]]("unmanagedJars") in Scope(Build: file:/home/oneironym/jp/metadata-browser/, , Project: ProjectReference(file:/home/oneironym/jp/metadata-browser/,root), Config: compile)),true,None)
Sending msg to client play-fork-run-c4603296-72f0-4a96-bbee-8a8a8cf0b11b: TaskFinished(51,5430,Some(AttributeKey[scala.collection.Seq[sbt.Attributed[java.io.File]]]("unmanagedJars") in Scope(Build: file:/home/oneironym/jp/metadata-browser/, , Project: ProjectReference(file:/home/oneironym/jp/metadata-browser/,root), Config: runtime)),true,None)
Sending msg to client play-fork-run-c4603296-72f0-4a96-bbee-8a8a8cf0b11b: TaskFinished(51,5382,Some(AttributeKey[sbt.Resolver]("projectResolver") in Scope(Build: file:/home/oneironym/jp/metadata-browser/, , Project: ProjectReference(file:/home/oneironym/jp/metadata-browser/,root))),true,None)
Sending msg to client play-fork-run-c4603296-72f0-4a96-bbee-8a8a8cf0b11b: TaskStarted(51,5379,Some(AttributeKey[scala.collection.Seq[sbt.Resolver]]("fullResolvers") in Scope(Build: file:/home/oneironym/jp/metadata-browser/, , Project: ProjectReference(file:/home/oneironym/jp/metadata-browser/,root))))
Sending msg to client play-fork-run-c4603296-72f0-4a96-bbee-8a8a8cf0b11b: TaskFinished(51,5433,None,true,None)
Sending msg to client play-fork-run-c4603296-72f0-4a96-bbee-8a8a8cf0b11b: TaskFinished(51,5428,None,true,None)
Sending msg to client play-fork-run-c4603296-72f0-4a96-bbee-8a8a8cf0b11b: TaskStarted(51,5424,Some(AttributeKey[scala.collection.Seq[sbt.Attributed[java.io.File]]]("unmanagedJars") in Scope(Build: file:/home/oneironym/jp/metadata-browser/, , Project: ProjectReference(file:/home/oneironym/jp/metadata-browser/,root), Config: compile)))
Sending msg to client play-fork-run-c4603296-72f0-4a96-bbee-8a8a8cf0b11b: TaskFinished(51,5379,Some(AttributeKey[scala.collection.Seq[sbt.Resolver]]("fullResolvers") in Scope(Build: file:/home/oneironym/jp/metadata-browser/, , Project: ProjectReference(file:/home/oneironym/jp/metadata-browser/,root))),true,None)
Sending msg to client play-fork-run-c4603296-72f0-4a96-bbee-8a8a8cf0b11b: TaskStarted(51,5378,Some(AttributeKey[sbt.IvyConfiguration]("ivyConfiguration") in Scope(Build: file:/home/oneironym/jp/metadata-browser/, , Project: ProjectReference(file:/home/oneironym/jp/metadata-browser/,root))))
Sending msg to client play-fork-run-c4603296-72f0-4a96-bbee-8a8a8cf0b11b: TaskFinished(51,5424,Some(AttributeKey[scala.collection.Seq[sbt.Attributed[java.io.File]]]("unmanagedJars") in Scope(Build: file:/home/oneironym/jp/metadata-browser/, , Project: ProjectReference(file:/home/oneironym/jp/metadata-browser/,root), Config: compile)),true,None)
Sending msg to client play-fork-run-c4603296-72f0-4a96-bbee-8a8a8cf0b11b: TaskStarted(51,5423,None)
Sending msg to client play-fork-run-c4603296-72f0-4a96-bbee-8a8a8cf0b11b: TaskFinished(51,5423,None,true,None)
Sending msg to client play-fork-run-c4603296-72f0-4a96-bbee-8a8a8cf0b11b: TaskStarted(51,5422,None)
Sending msg to client play-fork-run-c4603296-72f0-4a96-bbee-8a8a8cf0b11b: TaskFinished(51,5378,Some(AttributeKey[sbt.IvyConfiguration]("ivyConfiguration") in Scope(Build: file:/home/oneironym/jp/metadata-browser/, , Project: ProjectReference(file:/home/oneironym/jp/metadata-browser/,root))),true,None)
Sending msg to client play-fork-run-c4603296-72f0-4a96-bbee-8a8a8cf0b11b: TaskStarted(51,5377,Some(AttributeKey[sbt.IvySbt]("ivySbt") in Scope(Build: file:/home/oneironym/jp/metadata-browser/, , Project: ProjectReference(file:/home/oneironym/jp/metadata-browser/,root))))
Sending msg to client play-fork-run-c4603296-72f0-4a96-bbee-8a8a8cf0b11b: TaskFinished(51,5422,None,true,None)
Sending msg to client play-fork-run-c4603296-72f0-4a96-bbee-8a8a8cf0b11b: TaskFinished(51,5407,None,true,None)
Sending msg to client play-fork-run-c4603296-72f0-4a96-bbee-8a8a8cf0b11b: TaskStarted(51,5405,Some(AttributeKey[scala.collection.Seq[sbt.Attributed[java.io.File]]]("unmanagedClasspath") in Scope(Build: file:/home/oneironym/jp/metadata-browser/, , Project: ProjectReference(file:/home/oneironym/jp/metadata-browser/,root), Config: runtime)))
Sending msg to client play-fork-run-c4603296-72f0-4a96-bbee-8a8a8cf0b11b: TaskFinished(51,5377,Some(AttributeKey[sbt.IvySbt]("ivySbt") in Scope(Build: file:/home/oneironym/jp/metadata-browser/, , Project: ProjectReference(file:/home/oneironym/jp/metadata-browser/,root))),true,None)
Sending msg to client play-fork-run-c4603296-72f0-4a96-bbee-8a8a8cf0b11b: TaskStarted(51,5370,Some(AttributeKey[sbt.IvySbt$Module]("ivyModule") in Scope(Build: file:/home/oneironym/jp/metadata-browser/, , Project: ProjectReference(file:/home/oneironym/jp/metadata-browser/,root))))
Sending msg to client play-fork-run-c4603296-72f0-4a96-bbee-8a8a8cf0b11b: TaskFinished(51,5405,Some(AttributeKey[scala.collection.Seq[sbt.Attributed[java.io.File]]]("unmanagedClasspath") in Scope(Build: file:/home/oneironym/jp/metadata-browser/, , Project: ProjectReference(file:/home/oneironym/jp/metadata-browser/,root), Config: runtime)),true,None)
Sending msg to client play-fork-run-c4603296-72f0-4a96-bbee-8a8a8cf0b11b: TaskFinished(51,5370,Some(AttributeKey[sbt.IvySbt$Module]("ivyModule") in Scope(Build: file:/home/oneironym/jp/metadata-browser/, , Project: ProjectReference(file:/home/oneironym/jp/metadata-browser/,root))),true,None)
Sending msg to client play-fork-run-c4603296-72f0-4a96-bbee-8a8a8cf0b11b: TaskStarted(51,5369,Some(AttributeKey[sbt.UpdateReport]("update") in Scope(Build: file:/home/oneironym/jp/metadata-browser/, , Project: ProjectReference(file:/home/oneironym/jp/metadata-browser/,root))))
Sending msg to client play-fork-run-c4603296-72f0-4a96-bbee-8a8a8cf0b11b: TaskFinished(51,5369,Some(AttributeKey[sbt.UpdateReport]("update") in Scope(Build: file:/home/oneironym/jp/metadata-browser/, , Project: ProjectReference(file:/home/oneironym/jp/metadata-browser/,root))),true,None)
Sending msg to client play-fork-run-c4603296-72f0-4a96-bbee-8a8a8cf0b11b: TaskStarted(51,5366,Some(AttributeKey[sbt.UpdateReport]("update") in Scope(Build: file:/home/oneironym/jp/metadata-browser/, , Project: ProjectReference(file:/home/oneironym/jp/metadata-browser/,root))))
Sending msg to client play-fork-run-c4603296-72f0-4a96-bbee-8a8a8cf0b11b: TaskFinished(51,5366,Some(AttributeKey[sbt.UpdateReport]("update") in Scope(Build: file:/home/oneironym/jp/metadata-browser/, , Project: ProjectReference(file:/home/oneironym/jp/metadata-browser/,root))),true,None)
Sending msg to client play-fork-run-c4603296-72f0-4a96-bbee-8a8a8cf0b11b: TaskStarted(51,5365,Some(AttributeKey[scala.collection.Seq[sbt.Attributed[java.io.File]]]("managedClasspath") in Scope(Build: file:/home/oneironym/jp/metadata-browser/, , Project: ProjectReference(file:/home/oneironym/jp/metadata-browser/,root), Config: docs)))
Sending msg to client play-fork-run-c4603296-72f0-4a96-bbee-8a8a8cf0b11b: TaskStarted(51,5413,Some(AttributeKey[sbt.Configuration]("classpathConfiguration") in Scope(Build: file:/home/oneironym/jp/metadata-browser/, , Project: ProjectReference(file:/home/oneironym/jp/metadata-browser/,root), Config: compile)))
Sending msg to client play-fork-run-c4603296-72f0-4a96-bbee-8a8a8cf0b11b: TaskFinished(51,5413,Some(AttributeKey[sbt.Configuration]("classpathConfiguration") in Scope(Build: file:/home/oneironym/jp/metadata-browser/, , Project: ProjectReference(file:/home/oneironym/jp/metadata-browser/,root), Config: compile)),true,None)
Sending msg to client play-fork-run-c4603296-72f0-4a96-bbee-8a8a8cf0b11b: TaskStarted(51,5412,None)
Sending msg to client play-fork-run-c4603296-72f0-4a96-bbee-8a8a8cf0b11b: TaskFinished(51,5365,Some(AttributeKey[scala.collection.Seq[sbt.Attributed[java.io.File]]]("managedClasspath") in Scope(Build: file:/home/oneironym/jp/metadata-browser/, , Project: ProjectReference(file:/home/oneironym/jp/metadata-browser/,root), Config: docs)),true,None)
Sending msg to client play-fork-run-c4603296-72f0-4a96-bbee-8a8a8cf0b11b: TaskFinished(51,5412,None,true,None)
Sending msg to client play-fork-run-c4603296-72f0-4a96-bbee-8a8a8cf0b11b: TaskStarted(51,5411,Some(AttributeKey[sbt.Configuration]("classpathConfiguration") in Scope(Build: file:/home/oneironym/jp/metadata-browser/, , Project: ProjectReference(file:/home/oneironym/jp/metadata-browser/,root), Config: runtime)))
Sending msg to client play-fork-run-c4603296-72f0-4a96-bbee-8a8a8cf0b11b: TaskFinished(51,5411,Some(AttributeKey[sbt.Configuration]("classpathConfiguration") in Scope(Build: file:/home/oneironym/jp/metadata-browser/, , Project: ProjectReference(file:/home/oneironym/jp/metadata-browser/,root), Config: runtime)),true,None)
Sending msg to client play-fork-run-c4603296-72f0-4a96-bbee-8a8a8cf0b11b: TaskStarted(51,5410,None)
Sending msg to client play-fork-run-c4603296-72f0-4a96-bbee-8a8a8cf0b11b: TaskFinished(51,5410,None,true,None)
Sending msg to client play-fork-run-c4603296-72f0-4a96-bbee-8a8a8cf0b11b: TaskStarted(51,5408,Some(AttributeKey[scala.collection.Seq[sbt.Attributed[java.io.File]]]("managedClasspath") in Scope(Build: file:/home/oneironym/jp/metadata-browser/, , Project: ProjectReference(file:/home/oneironym/jp/metadata-browser/,root), Config: runtime)))
Sending msg to client play-fork-run-c4603296-72f0-4a96-bbee-8a8a8cf0b11b: TaskFinished(51,5408,Some(AttributeKey[scala.collection.Seq[sbt.Attributed[java.io.File]]]("managedClasspath") in Scope(Build: file:/home/oneironym/jp/metadata-browser/, , Project: ProjectReference(file:/home/oneironym/jp/metadata-browser/,root), Config: runtime)),true,None)
Sending msg to client play-fork-run-c4603296-72f0-4a96-bbee-8a8a8cf0b11b: TaskStarted(51,5404,None)
Sending msg to client play-fork-run-c4603296-72f0-4a96-bbee-8a8a8cf0b11b: TaskFinished(51,5404,None,true,None)
Sending msg to client play-fork-run-c4603296-72f0-4a96-bbee-8a8a8cf0b11b: TaskStarted(51,5402,Some(AttributeKey[scala.collection.Seq[sbt.Attributed[java.io.File]]]("playDependencyClasspath") in Scope(Build: file:/home/oneironym/jp/metadata-browser/, , Project: ProjectReference(file:/home/oneironym/jp/metadata-browser/,root))))
Sending msg to client play-fork-run-c4603296-72f0-4a96-bbee-8a8a8cf0b11b: TaskFinished(51,5402,Some(AttributeKey[scala.collection.Seq[sbt.Attributed[java.io.File]]]("playDependencyClasspath") in Scope(Build: file:/home/oneironym/jp/metadata-browser/, , Project: ProjectReference(file:/home/oneironym/jp/metadata-browser/,root))),true,None)
Sending msg to client play-fork-run-c4603296-72f0-4a96-bbee-8a8a8cf0b11b: TaskStarted(51,5364,Some(AttributeKey[play.forkrun.protocol.ForkConfig]("playForkConfig") in Scope(Build: file:/home/oneironym/jp/metadata-browser/, , Project: ProjectReference(file:/home/oneironym/jp/metadata-browser/,root))))
Sending msg to client play-fork-run-c4603296-72f0-4a96-bbee-8a8a8cf0b11b: TaskFinished(51,5364,Some(AttributeKey[play.forkrun.protocol.ForkConfig]("playForkConfig") in Scope(Build: file:/home/oneironym/jp/metadata-browser/, , Project: ProjectReference(file:/home/oneironym/jp/metadata-browser/,root))),true,None)
Sending msg to client play-fork-run-c4603296-72f0-4a96-bbee-8a8a8cf0b11b: ValueChanged(AttributeKey[play.forkrun.protocol.ForkConfig]("playForkConfig") in Scope(Build: file:/home/oneironym/jp/metadata-browser/, , Project: ProjectReference(file:/home/oneironym/jp/metadata-browser/,root)),TaskSuccess(BuildValue(LazyValue(ForkConfig(/home/oneironym/jp/metadata-browser,List(),List(/home/oneironym/.ivy2/cache/org.scala-lang/scala-library/jars/scala-library-2.11.1.jar, /home/oneironym/.ivy2/cache/com.typesafe.play/twirl-api_2.11/jars/twirl-api_2.11-1.0.2.jar, /home/oneironym/.ivy2/cache/org.apache.commons/commons-lang3/jars/commons-lang3-3.1.jar, /home/oneironym/.ivy2/cache/org.scala-lang.modules/scala-xml_2.11/bundles/scala-xml_2.11-1.0.1.jar, /home/oneironym/.ivy2/cache/com.typesafe.play/play_2.11/jars/play_2.11-2.3.9.jar, /home/oneironym/.ivy2/cache/com.typesafe.play/build-link/jars/build-link-2.3.9.jar, /home/oneironym/.ivy2/cache/com.typesafe.play/play-exceptions/jars/play-exceptions-2.3.9.jar, /home/oneironym/.ivy2/cache/com.typesafe.play/play-iteratees_2.11/jars/play-iteratees_2.11-2.3.9.jar, /home/oneironym/.ivy2/cache/org.scala-stm/scala-stm_2.11/jars/scala-stm_2.11-0.7.jar, /home/oneironym/.ivy2/cache/com.typesafe/config/bundles/config-1.2.1.jar, /home/oneironym/.ivy2/cache/com.typesafe.play/play-json_2.11/jars/play-json_2.11-2.3.9.jar, /home/oneironym/.ivy2/cache/com.typesafe.play/play-functional_2.11/jars/play-functional_2.11-2.3.9.jar, /home/oneironym/.ivy2/cache/com.typesafe.play/play-datacommons_2.11/jars/play-datacommons_2.11-2.3.9.jar, /home/oneironym/.ivy2/cache/joda-time/joda-time/jars/joda-time-2.3.jar, /home/oneironym/.ivy2/cache/org.joda/joda-convert/jars/joda-convert-1.6.jar, /home/oneironym/.ivy2/cache/com.fasterxml.jackson.core/jackson-annotations/bundles/jackson-annotations-2.5.1.jar, /home/oneironym/.ivy2/cache/com.fasterxml.jackson.core/jackson-core/bundles/jackson-core-2.5.1.jar, /home/oneironym/.ivy2/cache/com.fasterxml.jackson.core/jackson-databind/bundles/jackson-databind-2.5.1.jar, /home/oneironym/.ivy2/cache/org.scala-lang/scala-reflect/jars/scala-reflect-2.11.1.jar, /home/oneironym/.ivy2/cache/org.scala-lang.modules/scala-parser-combinators_2.11/bundles/scala-parser-combinators_2.11-1.0.1.jar, /home/oneironym/.ivy2/cache/io.netty/netty/bundles/netty-3.9.8.Final.jar, /home/oneironym/.ivy2/cache/com.typesafe.netty/netty-http-pipelining/jars/netty-http-pipelining-1.1.2.jar, /home/oneironym/.ivy2/cache/org.slf4j/slf4j-api/jars/slf4j-api-1.7.6.jar, /home/oneironym/.ivy2/cache/org.slf4j/jul-to-slf4j/jars/jul-to-slf4j-1.7.6.jar, /home/oneironym/.ivy2/cache/org.slf4j/jcl-over-slf4j/jars/jcl-over-slf4j-1.7.6.jar, /home/oneironym/.ivy2/cache/ch.qos.logback/logback-core/jars/logback-core-1.1.1.jar, /home/oneironym/.ivy2/cache/ch.qos.logback/logback-classic/jars/logback-classic-1.1.1.jar, /home/oneironym/.ivy2/cache/com.typesafe.akka/akka-actor_2.11/jars/akka-actor_2.11-2.3.4.jar, /home/oneironym/.ivy2/cache/com.typesafe.akka/akka-slf4j_2.11/jars/akka-slf4j_2.11-2.3.4.jar, /home/oneironym/.ivy2/cache/commons-codec/commons-codec/jars/commons-codec-1.9.jar, /home/oneironym/.ivy2/cache/xerces/xercesImpl/jars/xercesImpl-2.11.0.jar, /home/oneironym/.ivy2/cache/xml-apis/xml-apis/jars/xml-apis-1.4.01.jar, /home/oneironym/.ivy2/cache/javax.transaction/jta/jars/jta-1.1.jar, /home/oneironym/.ivy2/cache/com.typesafe.play/play-java_2.11/jars/play-java_2.11-2.3.9.jar, /home/oneironym/.ivy2/cache/org.yaml/snakeyaml/bundles/snakeyaml-1.13.jar, /home/oneironym/.ivy2/cache/org.hibernate/hibernate-validator/jars/hibernate-validator-5.0.3.Final.jar, /home/oneironym/.ivy2/cache/javax.validation/validation-api/jars/validation-api-1.1.0.Final.jar, /home/oneironym/.ivy2/cache/com.fasterxml/classmate/bundles/classmate-1.0.0.jar, /home/oneironym/.ivy2/cache/org.jboss.logging/jboss-logging/jars/jboss-logging-3.2.0.Final.jar, /home/oneironym/.ivy2/cache/org.springframework/spring-context/jars/spring-context-4.0.3.RELEASE.jar, /home/oneironym/.ivy2/cache/org.springframework/spring-core/jars/spring-core-4.0.3.RELEASE.jar, /home/oneironym/.ivy2/cache/org.springframework/spring-beans/jars/spring-beans-4.0.3.RELEASE.jar, /home/oneironym/.ivy2/cache/org.javassist/javassist/bundles/javassist-3.19.0-GA.jar, /home/oneironym/.ivy2/cache/org.reflections/reflections/jars/reflections-0.9.8.jar, /home/oneironym/.ivy2/cache/com.google.guava/guava/bundles/guava-16.0.1.jar, /home/oneironym/.ivy2/cache/dom4j/dom4j/jars/dom4j-1.6.1.jar, /home/oneironym/.ivy2/cache/com.google.code.findbugs/jsr305/jars/jsr305-2.0.3.jar, /home/oneironym/.ivy2/cache/org.apache.tomcat/tomcat-servlet-api/jars/tomcat-servlet-api-8.0.5.jar, /home/oneironym/.ivy2/cache/com.typesafe.play/play-java-jdbc_2.11/jars/play-java-jdbc_2.11-2.3.9.jar, /home/oneironym/.ivy2/cache/com.typesafe.play/play-jdbc_2.11/jars/play-jdbc_2.11-2.3.9.jar, /home/oneironym/.ivy2/cache/com.jolbox/bonecp/bundles/bonecp-0.8.0.RELEASE.jar, /home/oneironym/.ivy2/cache/com.h2database/h2/jars/h2-1.3.175.jar, /home/oneironym/.ivy2/cache/tyrex/tyrex/jars/tyrex-1.0.1.jar, /home/oneironym/.ivy2/cache/com.typesafe.play/play-java-ebean_2.11/jars/play-java-ebean_2.11-2.3.9.jar, /home/oneironym/.ivy2/cache/org.avaje.ebeanorm/avaje-ebeanorm/jars/avaje-ebeanorm-3.3.4.jar, /home/oneironym/.ivy2/cache/org.avaje.ebeanorm/avaje-ebeanorm-agent/jars/avaje-ebeanorm-agent-3.2.2.jar, /home/oneironym/.ivy2/cache/org.hibernate.javax.persistence/hibernate-jpa-2.0-api/jars/hibernate-jpa-2.0-api-1.0.1.Final.jar, /home/oneironym/.ivy2/cache/com.typesafe.play/play-cache_2.11/jars/play-cache_2.11-2.3.9.jar, /home/oneironym/.ivy2/cache/net.sf.ehcache/ehcache-core/jars/ehcache-core-2.6.8.jar, /home/oneironym/.ivy2/cache/com.typesafe.play/play-java-ws_2.11/jars/play-java-ws_2.11-2.3.9.jar, /home/oneironym/.ivy2/cache/com.typesafe.play/play-ws_2.11/jars/play-ws_2.11-2.3.9.jar, /home/oneironym/.ivy2/cache/com.ning/async-http-client/jars/async-http-client-1.8.15.jar, /home/oneironym/.ivy2/cache/oauth.signpost/signpost-core/jars/signpost-core-1.2.1.2.jar, /home/oneironym/.ivy2/cache/oauth.signpost/signpost-commonshttp4/jars/signpost-commonshttp4-1.2.1.2.jar, /home/oneironym/.ivy2/cache/org.apache.httpcomponents/httpclient/jars/httpclient-4.3.6.jar, /home/oneironym/.ivy2/cache/org.apache.httpcomponents/httpcore/jars/httpcore-4.3.3.jar, /home/oneironym/.ivy2/cache/commons-logging/commons-logging/jars/commons-logging-1.1.3.jar, /home/oneironym/.ivy2/cache/commons-io/commons-io/jars/commons-io-1.3.2.jar, /home/oneironym/.ivy2/cache/org.apache.httpcomponents/fluent-hc/jars/fluent-hc-4.3.6.jar),List((public/,/home/oneironym/jp/metadata-browser/target/web/public/main)),List(/home/oneironym/.ivy2/cache/com.typesafe.play/play-docs_2.11/jars/play-docs_2.11-2.3.9.jar, /home/oneironym/.ivy2/cache/org.scala-lang/scala-library/jars/scala-library-2.11.1.jar, /home/oneironym/.ivy2/cache/com.typesafe.play/play_2.11/jars/play_2.11-2.3.9.jar, /home/oneironym/.ivy2/cache/com.typesafe.play/build-link/jars/build-link-2.3.9.jar, /home/oneironym/.ivy2/cache/com.typesafe.play/play-exceptions/jars/play-exceptions-2.3.9.jar, /home/oneironym/.ivy2/cache/org.javassist/javassist/bundles/javassist-3.18.2-GA.jar, /home/oneironym/.ivy2/cache/com.typesafe.play/play-iteratees_2.11/jars/play-iteratees_2.11-2.3.9.jar, /home/oneironym/.ivy2/cache/org.scala-stm/scala-stm_2.11/jars/scala-stm_2.11-0.7.jar, /home/oneironym/.ivy2/cache/com.typesafe/config/bundles/config-1.2.1.jar, /home/oneironym/.ivy2/cache/com.typesafe.play/play-json_2.11/jars/play-json_2.11-2.3.9.jar, /home/oneironym/.ivy2/cache/com.typesafe.play/play-functional_2.11/jars/play-functional_2.11-2.3.9.jar, /home/oneironym/.ivy2/cache/com.typesafe.play/play-datacommons_2.11/jars/play-datacommons_2.11-2.3.9.jar, /home/oneironym/.ivy2/cache/joda-time/joda-time/jars/joda-time-2.3.jar, /home/oneironym/.ivy2/cache/org.joda/joda-convert/jars/joda-convert-1.6.jar, /home/oneironym/.ivy2/cache/com.fasterxml.jackson.core/jackson-annotations/bundles/jackson-annotations-2.3.2.jar, /home/oneironym/.ivy2/cache/com.fasterxml.jackson.core/jackson-core/bundles/jackson-core-2.3.2.jar, /home/oneironym/.ivy2/cache/com.fasterxml.jackson.core/jackson-databind/bundles/jackson-databind-2.3.2.jar, /home/oneironym/.ivy2/cache/org.scala-lang/scala-reflect/jars/scala-reflect-2.11.1.jar, /home/oneironym/.ivy2/cache/com.typesafe.play/twirl-api_2.11/jars/twirl-api_2.11-1.0.2.jar, /home/oneironym/.ivy2/cache/org.apache.commons/commons-lang3/jars/commons-lang3-3.1.jar, /home/oneironym/.ivy2/cache/org.scala-lang.modules/scala-xml_2.11/bundles/scala-xml_2.11-1.0.1.jar, /home/oneironym/.ivy2/cache/org.scala-lang.modules/scala-parser-combinators_2.11/bundles/scala-parser-combinators_2.11-1.0.1.jar, /home/oneironym/.ivy2/cache/io.netty/netty/bundles/netty-3.9.8.Final.jar, /home/oneironym/.ivy2/cache/com.typesafe.netty/netty-http-pipelining/jars/netty-http-pipelining-1.1.2.jar, /home/oneironym/.ivy2/cache/org.slf4j/slf4j-api/jars/slf4j-api-1.7.6.jar, /home/oneironym/.ivy2/cache/org.slf4j/jul-to-slf4j/jars/jul-to-slf4j-1.7.6.jar, /home/oneironym/.ivy2/cache/org.slf4j/jcl-over-slf4j/jars/jcl-over-slf4j-1.7.6.jar, /home/oneironym/.ivy2/cache/ch.qos.logback/logback-core/jars/logback-core-1.1.1.jar, /home/oneironym/.ivy2/cache/ch.qos.logback/logback-classic/jars/logback-classic-1.1.1.jar, /home/oneironym/.ivy2/cache/com.typesafe.akka/akka-actor_2.11/jars/akka-actor_2.11-2.3.4.jar, /home/oneironym/.ivy2/cache/com.typesafe.akka/akka-slf4j_2.11/jars/akka-slf4j_2.11-2.3.4.jar, /home/oneironym/.ivy2/cache/commons-codec/commons-codec/jars/commons-codec-1.9.jar, /home/oneironym/.ivy2/cache/xerces/xercesImpl/jars/xercesImpl-2.11.0.jar, /home/oneironym/.ivy2/cache/xml-apis/xml-apis/jars/xml-apis-1.4.01.jar, /home/oneironym/.ivy2/cache/javax.transaction/jta/jars/jta-1.1.jar, /home/oneironym/.ivy2/cache/com.typesafe.play/play-doc_2.11/jars/play-doc_2.11-1.1.0.jar, /home/oneironym/.ivy2/cache/org.pegdown/pegdown/jars/pegdown-1.4.0.jar, /home/oneironym/.ivy2/cache/org.parboiled/parboiled-java/bundles/parboiled-java-1.1.5.jar, /home/oneironym/.ivy2/cache/org.parboiled/parboiled-core/bundles/parboiled-core-1.1.5.jar, /home/oneironym/.ivy2/cache/org.ow2.asm/asm/jars/asm-4.1.jar, /home/oneironym/.ivy2/cache/org.ow2.asm/asm-tree/jars/asm-tree-4.1.jar, /home/oneironym/.ivy2/cache/org.ow2.asm/asm-analysis/jars/asm-analysis-4.1.jar, /home/oneironym/.ivy2/cache/org.ow2.asm/asm-util/jars/asm-util-4.1.jar, /home/oneironym/.ivy2/cache/commons-io/commons-io/jars/commons-io-2.4.jar),List(),9000,DefaultWatchService,List(/home/oneironym/jp/metadata-browser/app-2.11, /home/oneironym/jp/metadata-browser/app, /home/oneironym/jp/metadata-browser/conf, /home/oneironym/jp/metadata-browser/app/assets, /home/oneironym/jp/metadata-browser/public),/home/oneironym/jp/metadata-browser/target,500,root/playForkNotifyStart,root/playForkReload,300000),scala.pickling.PicklerUnpickler$DelegatingPicklerUnpickler@4475a453),ForkConfig(/home/oneironym/jp/metadata-browser,List(),List(/home/oneironym/.ivy2/cache/org.scala-lang/scala-library/jars/scala-library-2.11.1.jar, /home/oneironym/.ivy2/cache/com.typesafe.play/twirl-api_2.11/jars/twirl-api_2.11-1.0.2.jar, /home/oneironym/.ivy2/cache/org.apache.commons/commons-lang3/jars/commons-lang3-3.1.jar, /home/oneironym/.ivy2/cache/org.scala-lang.modules/scala-xml_2.11/bundles/scala-xml_2.11-1.0.1.jar, /home/oneironym/.ivy2/cache/com.typesafe.play/play_2.11/jars/play_2.11-2.3.9.jar, /home/oneironym/.ivy2/cache/com.typesafe.play/build-link/jars/build-link-2.3.9.jar, /home/oneironym/.ivy2/cache/com.typesafe.play/play-exceptions/jars/play-exceptions-2.3.9.jar, /home/oneironym/.ivy2/cache/com.typesafe.play/play-iteratees_2.11/jars/play-iteratees_2.11-2.3.9.jar, /home/oneironym/.ivy2/cache/org.scala-stm/scala-stm_2.11/jars/scala-stm_2.11-0.7.jar, /home/oneironym/.ivy2/cache/com.typesafe/config/bundles/config-1.2.1.jar, /home/oneironym/.ivy2/cache/com.typesafe.play/play-json_2.11/jars/play-json_2.11-2.3.9.jar, /home/oneironym/.ivy2/cache/com.typesafe.play/play-functional_2.11/jars/play-functional_2.11-2.3.9.jar, /home/oneironym/.ivy2/cache/com.typesafe.play/play-datacommons_2.11/jars/play-datacommons_2.11-2.3.9.jar, /home/oneironym/.ivy2/cache/joda-time/joda-time/jars/joda-time-2.3.jar, /home/oneironym/.ivy2/cache/org.joda/joda-convert/jars/joda-convert-1.6.jar, /home/oneironym/.ivy2/cache/com.fasterxml.jackson.core/jackson-annotations/bundles/jackson-annotations-2.5.1.jar, /home/oneironym/.ivy2/cache/com.fasterxml.jackson.core/jackson-core/bundles/jackson-core-2.5.1.jar, /home/oneironym/.ivy2/cache/com.fasterxml.jackson.core/jackson-databind/bundles/jackson-databind-2.5.1.jar, /home/oneironym/.ivy2/cache/org.scala-lang/scala-reflect/jars/scala-reflect-2.11.1.jar, /home/oneironym/.ivy2/cache/org.scala-lang.modules/scala-parser-combinators_2.11/bundles/scala-parser-combinators_2.11-1.0.1.jar, /home/oneironym/.ivy2/cache/io.netty/netty/bundles/netty-3.9.8.Final.jar, /home/oneironym/.ivy2/cache/com.typesafe.netty/netty-http-pipelining/jars/netty-http-pipelining-1.1.2.jar, /home/oneironym/.ivy2/cache/org.slf4j/slf4j-api/jars/slf4j-api-1.7.6.jar, /home/oneironym/.ivy2/cache/org.slf4j/jul-to-slf4j/jars/jul-to-slf4j-1.7.6.jar, /home/oneironym/.ivy2/cache/org.slf4j/jcl-over-slf4j/jars/jcl-over-slf4j-1.7.6.jar, /home/oneironym/.ivy2/cache/ch.qos.logback/logback-core/jars/logback-core-1.1.1.jar, /home/oneironym/.ivy2/cache/ch.qos.logback/logback-classic/jars/logback-classic-1.1.1.jar, /home/oneironym/.ivy2/cache/com.typesafe.akka/akka-actor_2.11/jars/akka-actor_2.11-2.3.4.jar, /home/oneironym/.ivy2/cache/com.typesafe.akka/akka-slf4j_2.11/jars/akka-slf4j_2.11-2.3.4.jar, /home/oneironym/.ivy2/cache/commons-codec/commons-codec/jars/commons-codec-1.9.jar, /home/oneironym/.ivy2/cache/xerces/xercesImpl/jars/xercesImpl-2.11.0.jar, /home/oneironym/.ivy2/cache/xml-apis/xml-apis/jars/xml-apis-1.4.01.jar, /home/oneironym/.ivy2/cache/javax.transaction/jta/jars/jta-1.1.jar, /home/oneironym/.ivy2/cache/com.typesafe.play/play-java_2.11/jars/play-java_2.11-2.3.9.jar, /home/oneironym/.ivy2/cache/org.yaml/snakeyaml/bundles/snakeyaml-1.13.jar, /home/oneironym/.ivy2/cache/org.hibernate/hibernate-validator/jars/hibernate-validator-5.0.3.Final.jar, /home/oneironym/.ivy2/cache/javax.validation/validation-api/jars/validation-api-1.1.0.Final.jar, /home/oneironym/.ivy2/cache/com.fasterxml/classmate/bundles/classmate-1.0.0.jar, /home/oneironym/.ivy2/cache/org.jboss.logging/jboss-logging/jars/jboss-logging-3.2.0.Final.jar, /home/oneironym/.ivy2/cache/org.springframework/spring-context/jars/spring-context-4.0.3.RELEASE.jar, /home/oneironym/.ivy2/cache/org.springframework/spring-core/jars/spring-core-4.0.3.RELEASE.jar, /home/oneironym/.ivy2/cache/org.springframework/spring-beans/jars/spring-beans-4.0.3.RELEASE.jar, /home/oneironym/.ivy2/cache/org.javassist/javassist/bundles/javassist-3.19.0-GA.jar, /home/oneironym/.ivy2/cache/org.reflections/reflections/jars/reflections-0.9.8.jar, /home/oneironym/.ivy2/cache/com.google.guava/guava/bundles/guava-16.0.1.jar, /home/oneironym/.ivy2/cache/dom4j/dom4j/jars/dom4j-1.6.1.jar, /home/oneironym/.ivy2/cache/com.google.code.findbugs/jsr305/jars/jsr305-2.0.3.jar, /home/oneironym/.ivy2/cache/org.apache.tomcat/tomcat-servlet-api/jars/tomcat-servlet-api-8.0.5.jar, /home/oneironym/.ivy2/cache/com.typesafe.play/play-java-jdbc_2.11/jars/play-java-jdbc_2.11-2.3.9.jar, /home/oneironym/.ivy2/cache/com.typesafe.play/play-jdbc_2.11/jars/play-jdbc_2.11-2.3.9.jar, /home/oneironym/.ivy2/cache/com.jolbox/bonecp/bundles/bonecp-0.8.0.RELEASE.jar, /home/oneironym/.ivy2/cache/com.h2database/h2/jars/h2-1.3.175.jar, /home/oneironym/.ivy2/cache/tyrex/tyrex/jars/tyrex-1.0.1.jar, /home/oneironym/.ivy2/cache/com.typesafe.play/play-java-ebean_2.11/jars/play-java-ebean_2.11-2.3.9.jar, /home/oneironym/.ivy2/cache/org.avaje.ebeanorm/avaje-ebeanorm/jars/avaje-ebeanorm-3.3.4.jar, /home/oneironym/.ivy2/cache/org.avaje.ebeanorm/avaje-ebeanorm-agent/jars/avaje-ebeanorm-agent-3.2.2.jar, /home/oneironym/.ivy2/cache/org.hibernate.javax.persistence/hibernate-jpa-2.0-api/jars/hibernate-jpa-2.0-api-1.0.1.Final.jar, /home/oneironym/.ivy2/cache/com.typesafe.play/play-cache_2.11/jars/play-cache_2.11-2.3.9.jar, /home/oneironym/.ivy2/cache/net.sf.ehcache/ehcache-core/jars/ehcache-core-2.6.8.jar, /home/oneironym/.ivy2/cache/com.typesafe.play/play-java-ws_2.11/jars/play-java-ws_2.11-2.3.9.jar, /home/oneironym/.ivy2/cache/com.typesafe.play/play-ws_2.11/jars/play-ws_2.11-2.3.9.jar, /home/oneironym/.ivy2/cache/com.ning/async-http-client/jars/async-http-client-1.8.15.jar, /home/oneironym/.ivy2/cache/oauth.signpost/signpost-core/jars/signpost-core-1.2.1.2.jar, /home/oneironym/.ivy2/cache/oauth.signpost/signpost-commonshttp4/jars/signpost-commonshttp4-1.2.1.2.jar, /home/oneironym/.ivy2/cache/org.apache.httpcomponents/httpclient/jars/httpclient-4.3.6.jar, /home/oneironym/.ivy2/cache/org.apache.httpcomponents/httpcore/jars/httpcore-4.3.3.jar, /home/oneironym/.ivy2/cache/commons-logging/commons-logging/jars/commons-logging-1.1.3.jar, /home/oneironym/.ivy2/cache/commons-io/commons-io/jars/commons-io-1.3.2.jar, /home/oneironym/.ivy2/cache/org.apache.httpcomponents/fluent-hc/jars/fluent-hc-4.3.6.jar),List((public/,/home/oneironym/jp/metadata-browser/target/web/public/main)),List(/home/oneironym/.ivy2/cache/com.typesafe.play/play-docs_2.11/jars/play-docs_2.11-2.3.9.jar, /home/oneironym/.ivy2/cache/org.scala-lang/scala-library/jars/scala-library-2.11.1.jar, /home/oneironym/.ivy2/cache/com.typesafe.play/play_2.11/jars/play_2.11-2.3.9.jar, /home/oneironym/.ivy2/cache/com.typesafe.play/build-link/jars/build-link-2.3.9.jar, /home/oneironym/.ivy2/cache/com.typesafe.play/play-exceptions/jars/play-exceptions-2.3.9.jar, /home/oneironym/.ivy2/cache/org.javassist/javassist/bundles/javassist-3.18.2-GA.jar, /home/oneironym/.ivy2/cache/com.typesafe.play/play-iteratees_2.11/jars/play-iteratees_2.11-2.3.9.jar, /home/oneironym/.ivy2/cache/org.scala-stm/scala-stm_2.11/jars/scala-stm_2.11-0.7.jar, /home/oneironym/.ivy2/cache/com.typesafe/config/bundles/config-1.2.1.jar, /home/oneironym/.ivy2/cache/com.typesafe.play/play-json_2.11/jars/play-json_2.11-2.3.9.jar, /home/oneironym/.ivy2/cache/com.typesafe.play/play-functional_2.11/jars/play-functional_2.11-2.3.9.jar, /home/oneironym/.ivy2/cache/com.typesafe.play/play-datacommons_2.11/jars/play-datacommons_2.11-2.3.9.jar, /home/oneironym/.ivy2/cache/joda-time/joda-time/jars/joda-time-2.3.jar, /home/oneironym/.ivy2/cache/org.joda/joda-convert/jars/joda-convert-1.6.jar, /home/oneironym/.ivy2/cache/com.fasterxml.jackson.core/jackson-annotations/bundles/jackson-annotations-2.3.2.jar, /home/oneironym/.ivy2/cache/com.fasterxml.jackson.core/jackson-core/bundles/jackson-core-2.3.2.jar, /home/oneironym/.ivy2/cache/com.fasterxml.jackson.core/jackson-databind/bundles/jackson-databind-2.3.2.jar, /home/oneironym/.ivy2/cache/org.scala-lang/scala-reflect/jars/scala-reflect-2.11.1.jar, /home/oneironym/.ivy2/cache/com.typesafe.play/twirl-api_2.11/jars/twirl-api_2.11-1.0.2.jar, /home/oneironym/.ivy2/cache/org.apache.commons/commons-lang3/jars/commons-lang3-3.1.jar, /home/oneironym/.ivy2/cache/org.scala-lang.modules/scala-xml_2.11/bundles/scala-xml_2.11-1.0.1.jar, /home/oneironym/.ivy2/cache/org.scala-lang.modules/scala-parser-combinators_2.11/bundles/scala-parser-combinators_2.11-1.0.1.jar, /home/oneironym/.ivy2/cache/io.netty/netty/bundles/netty-3.9.8.Final.jar, /home/oneironym/.ivy2/cache/com.typesafe.netty/netty-http-pipelining/jars/netty-http-pipelining-1.1.2.jar, /home/oneironym/.ivy2/cache/org.slf4j/slf4j-api/jars/slf4j-api-1.7.6.jar, /home/oneironym/.ivy2/cache/org.slf4j/jul-to-slf4j/jars/jul-to-slf4j-1.7.6.jar, /home/oneironym/.ivy2/cache/org.slf4j/jcl-over-slf4j/jars/jcl-over-slf4j-1.7.6.jar, /home/oneironym/.ivy2/cache/ch.qos.logback/logback-core/jars/logback-core-1.1.1.jar, /home/oneironym/.ivy2/cache/ch.qos.logback/logback-classic/jars/logback-classic-1.1.1.jar, /home/oneironym/.ivy2/cache/com.typesafe.akka/akka-actor_2.11/jars/akka-actor_2.11-2.3.4.jar, /home/oneironym/.ivy2/cache/com.typesafe.akka/akka-slf4j_2.11/jars/akka-slf4j_2.11-2.3.4.jar, /home/oneironym/.ivy2/cache/commons-codec/commons-codec/jars/commons-codec-1.9.jar, /home/oneironym/.ivy2/cache/xerces/xercesImpl/jars/xercesImpl-2.11.0.jar, /home/oneironym/.ivy2/cache/xml-apis/xml-apis/jars/xml-apis-1.4.01.jar, /home/oneironym/.ivy2/cache/javax.transaction/jta/jars/jta-1.1.jar, /home/oneironym/.ivy2/cache/com.typesafe.play/play-doc_2.11/jars/play-doc_2.11-1.1.0.jar, /home/oneironym/.ivy2/cache/org.pegdown/pegdown/jars/pegdown-1.4.0.jar, /home/oneironym/.ivy2/cache/org.parboiled/parboiled-java/bundles/parboiled-java-1.1.5.jar, /home/oneironym/.ivy2/cache/org.parboiled/parboiled-core/bundles/parboiled-core-1.1.5.jar, /home/oneironym/.ivy2/cache/org.ow2.asm/asm/jars/asm-4.1.jar, /home/oneironym/.ivy2/cache/org.ow2.asm/asm-tree/jars/asm-tree-4.1.jar, /home/oneironym/.ivy2/cache/org.ow2.asm/asm-analysis/jars/asm-analysis-4.1.jar, /home/oneironym/.ivy2/cache/org.ow2.asm/asm-util/jars/asm-util-4.1.jar, /home/oneironym/.ivy2/cache/commons-io/commons-io/jars/commons-io-2.4.jar),List(),9000,DefaultWatchService,List(/home/oneironym/jp/metadata-browser/app-2.11, /home/oneironym/jp/metadata-browser/app, /home/oneironym/jp/metadata-browser/conf, /home/oneironym/jp/metadata-browser/app/assets, /home/oneironym/jp/metadata-browser/public),/home/oneironym/jp/metadata-browser/target,500,root/playForkNotifyStart,root/playForkReload,300000))))
Sending msg to client play-fork-run-c4603296-72f0-4a96-bbee-8a8a8cf0b11b: TaskStarted(51,5363,None)
Sending msg to client play-fork-run-c4603296-72f0-4a96-bbee-8a8a8cf0b11b: TaskFinished(51,5363,None,true,None)
Sending msg to client play-fork-run-c4603296-72f0-4a96-bbee-8a8a8cf0b11b: TaskStarted(51,5362,None)
Sending msg to client play-fork-run-c4603296-72f0-4a96-bbee-8a8a8cf0b11b: TaskFinished(51,5362,None,true,None)
Sending msg to client play-fork-run-c4603296-72f0-4a96-bbee-8a8a8cf0b11b: DetachedLogEvent(LogMessage(debug,cancel strategy finish enabled=false lastCommand=Some(LastCommand(CommandExecutionWork(ExecutionId(51),{file:/home/oneironym/jp/metadata-browser/}root/*:playForkConfig,Set(LiveClient(play-fork-run c4603296-72f0-4a96-bbee-8a8a8cf0b11b)),sbt.server.WorkCancellationStatus$$anon$1@5c57eaa1)))))
Sending msg to client play-fork-run-c4603296-72f0-4a96-bbee-8a8a8cf0b11b: DetachedLogEvent(LogSuccess(Total time: 0 s, completed Jun 17, 2015 8:30:35 PM))
Sending msg to client play-fork-run-c4603296-72f0-4a96-bbee-8a8a8cf0b11b: DetachedLogEvent(LogMessage(debug,> server-post-command-cleanup))
Sending msg to client play-fork-run-c4603296-72f0-4a96-bbee-8a8a8cf0b11b: ExecutionSuccess(51)
Sending msg to client play-fork-run-c4603296-72f0-4a96-bbee-8a8a8cf0b11b: DetachedLogEvent(LogMessage(debug,> server-handle-next-server-request))
Sending msg to client play-fork-run-c4603296-72f0-4a96-bbee-8a8a8cf0b11b: BackgroundJobLogEvent(3,LogMessage(info,))
Sending msg to client play-fork-run-c4603296-72f0-4a96-bbee-8a8a8cf0b11b: BackgroundJobLogEvent(3,LogMessage(info,[35m--- (Running the application, auto-reloading is enabled) ---[0m))
Sending msg to client play-fork-run-c4603296-72f0-4a96-bbee-8a8a8cf0b11b: BackgroundJobLogEvent(3,LogMessage(info,))
Sending msg to client play-fork-run-c4603296-72f0-4a96-bbee-8a8a8cf0b11b: BackgroundJobLogEvent(3,LogMessage(info,play - Listening for HTTP on /0:0:0:0:0:0:0:0:9000))
Sending msg to client play-fork-run-c4603296-72f0-4a96-bbee-8a8a8cf0b11b: BackgroundJobLogEvent(3,LogMessage(info,))
Sending msg to client play-fork-run-c4603296-72f0-4a96-bbee-8a8a8cf0b11b: BackgroundJobLogEvent(3,LogMessage(info,[32m(Server started, use Ctrl+D to stop and go back to the console...)[0m))
Sending msg to client play-fork-run-c4603296-72f0-4a96-bbee-8a8a8cf0b11b: BackgroundJobLogEvent(3,LogMessage(info,))
Got request: ExecutionRequest(root/playForkNotifyStart http://localhost:9000)
Reading next message from client.
Sending msg to client play-fork-run-c4603296-72f0-4a96-bbee-8a8a8cf0b11b: (8,ExecutionRequestReceived(52))
Sending msg to client play-fork-run-c4603296-72f0-4a96-bbee-8a8a8cf0b11b: ExecutionWaiting(52,root/playForkNotifyStart http://localhost:9000,ClientInfo(c4603296-72f0-4a96-bbee-8a8a8cf0b11b,play-fork-run,Play Fork Run,1,Vector()))
Sending msg to client play-fork-run-c4603296-72f0-4a96-bbee-8a8a8cf0b11b: ExecutionStarting(52)
Sending msg to client play-fork-run-c4603296-72f0-4a96-bbee-8a8a8cf0b11b: DetachedLogEvent(LogMessage(debug,> root/playForkNotifyStart http://localhost:9000))
Sending msg to client play-fork-run-c4603296-72f0-4a96-bbee-8a8a8cf0b11b: DetachedLogEvent(LogMessage(debug,Evaluating tasks: *:playForkNotifyStart))
Sending msg to client play-fork-run-c4603296-72f0-4a96-bbee-8a8a8cf0b11b: DetachedLogEvent(LogMessage(debug,Running task... Cancel: sbt.server.ServerTaskCancellation@2c4448a8, check cycles: false))
Sending msg to client play-fork-run-c4603296-72f0-4a96-bbee-8a8a8cf0b11b: DetachedLogEvent(LogMessage(debug,cancel strategy start enabled=true lastCommand=Some(LastCommand(CommandExecutionWork(ExecutionId(52),root/playForkNotifyStart http://localhost:9000,Set(LiveClient(play-fork-run c4603296-72f0-4a96-bbee-8a8a8cf0b11b)),sbt.server.WorkCancellationStatus$$anon$1@36fe244c)))))
Sending msg to client play-fork-run-c4603296-72f0-4a96-bbee-8a8a8cf0b11b: TaskStarted(52,5438,Some(AttributeKey[sbt.SendEventService]("sendEventService") in Scope(Global)))
Sending msg to client play-fork-run-c4603296-72f0-4a96-bbee-8a8a8cf0b11b: TaskFinished(52,5438,Some(AttributeKey[sbt.SendEventService]("sendEventService") in Scope(Global)),true,None)
Sending msg to client play-fork-run-c4603296-72f0-4a96-bbee-8a8a8cf0b11b: TaskStarted(52,5437,Some(AttributeKey[scala.Function1[java.lang.String,void]]("playForkStarted") in Scope(Build: file:/home/oneironym/jp/metadata-browser/, , Project: ProjectReference(file:/home/oneironym/jp/metadata-browser/,root))))
Sending msg to client play-fork-run-c4603296-72f0-4a96-bbee-8a8a8cf0b11b: TaskFinished(52,5437,Some(AttributeKey[scala.Function1[java.lang.String,void]]("playForkStarted") in Scope(Build: file:/home/oneironym/jp/metadata-browser/, , Project: ProjectReference(file:/home/oneironym/jp/metadata-browser/,root))),true,None)
Sending msg to client play-fork-run-c4603296-72f0-4a96-bbee-8a8a8cf0b11b: TaskStarted(52,5436,Some(AttributeKey[void]("playForkNotifyStart") in Scope(Build: file:/home/oneironym/jp/metadata-browser/, , Project: ProjectReference(file:/home/oneironym/jp/metadata-browser/,root))))
Sending msg to client play-fork-run-c4603296-72f0-4a96-bbee-8a8a8cf0b11b: TaskEvent(5436,LazyValue(PlayServerStarted(http://localhost:9000),play.forkrun.protocol.Serializers$PlayForkrunProtocolPlayServerStartedPickler1$2$@5e946f4f))
Sending msg to client play-fork-run-c4603296-72f0-4a96-bbee-8a8a8cf0b11b: TaskFinished(52,5436,Some(AttributeKey[void]("playForkNotifyStart") in Scope(Build: file:/home/oneironym/jp/metadata-browser/, , Project: ProjectReference(file:/home/oneironym/jp/metadata-browser/,root))),true,None)
Sending msg to client play-fork-run-c4603296-72f0-4a96-bbee-8a8a8cf0b11b: TaskStarted(52,5435,None)
Sending msg to client play-fork-run-c4603296-72f0-4a96-bbee-8a8a8cf0b11b: TaskFinished(52,5435,None,true,None)
Sending msg to client play-fork-run-c4603296-72f0-4a96-bbee-8a8a8cf0b11b: TaskStarted(52,5434,None)
Sending msg to client play-fork-run-c4603296-72f0-4a96-bbee-8a8a8cf0b11b: TaskFinished(52,5434,None,true,None)
Sending msg to client play-fork-run-c4603296-72f0-4a96-bbee-8a8a8cf0b11b: DetachedLogEvent(LogMessage(debug,cancel strategy finish enabled=false lastCommand=Some(LastCommand(CommandExecutionWork(ExecutionId(52),root/playForkNotifyStart http://localhost:9000,Set(LiveClient(play-fork-run c4603296-72f0-4a96-bbee-8a8a8cf0b11b)),sbt.server.WorkCancellationStatus$$anon$1@36fe244c)))))
Sending msg to client play-fork-run-c4603296-72f0-4a96-bbee-8a8a8cf0b11b: DetachedLogEvent(LogSuccess(Total time: 0 s, completed Jun 17, 2015 8:30:36 PM))
Sending msg to client play-fork-run-c4603296-72f0-4a96-bbee-8a8a8cf0b11b: DetachedLogEvent(LogMessage(debug,> server-post-command-cleanup))
Sending msg to client play-fork-run-c4603296-72f0-4a96-bbee-8a8a8cf0b11b: ExecutionSuccess(52)
Sending msg to client play-fork-run-c4603296-72f0-4a96-bbee-8a8a8cf0b11b: DetachedLogEvent(LogMessage(debug,> server-handle-next-server-request))
Sending msg to client play-fork-run-c4603296-72f0-4a96-bbee-8a8a8cf0b11b: ExecutionWaiting(53,jobStop 3,ClientInfo(89faf3dd-5565-4c80-b54c-fdf88f124ec2,activator,Activator,3,Vector()))
Sending msg to client play-fork-run-c4603296-72f0-4a96-bbee-8a8a8cf0b11b: ExecutionStarting(53)
Sending msg to client play-fork-run-c4603296-72f0-4a96-bbee-8a8a8cf0b11b: DetachedLogEvent(LogMessage(debug,> jobStop 3))
Sending msg to client play-fork-run-c4603296-72f0-4a96-bbee-8a8a8cf0b11b: DetachedLogEvent(LogMessage(debug,Evaluating tasks: *:jobStop))
Sending msg to client play-fork-run-c4603296-72f0-4a96-bbee-8a8a8cf0b11b: DetachedLogEvent(LogMessage(debug,Running task... Cancel: sbt.server.ServerTaskCancellation@46d7a43d, check cycles: false))
Sending msg to client play-fork-run-c4603296-72f0-4a96-bbee-8a8a8cf0b11b: DetachedLogEvent(LogMessage(debug,cancel strategy start enabled=true lastCommand=Some(LastCommand(CommandExecutionWork(ExecutionId(53),jobStop 3,Set(LiveClient(activator 89faf3dd-5565-4c80-b54c-fdf88f124ec2)),sbt.server.WorkCancellationStatus$$anon$1@775fc520)))))
Sending msg to client play-fork-run-c4603296-72f0-4a96-bbee-8a8a8cf0b11b: TaskStarted(53,5441,Some(AttributeKey[void]("jobStop") in Scope(Global)))
Sending msg to client play-fork-run-c4603296-72f0-4a96-bbee-8a8a8cf0b11b: TaskFinished(53,5441,Some(AttributeKey[void]("jobStop") in Scope(Global)),true,None)
Sending msg to client play-fork-run-c4603296-72f0-4a96-bbee-8a8a8cf0b11b: TaskStarted(53,5440,None)
Sending msg to client play-fork-run-c4603296-72f0-4a96-bbee-8a8a8cf0b11b: BackgroundJobLogEvent(3,LogMessage(info,Stopping Play fork run ...))
Sending msg to client play-fork-run-c4603296-72f0-4a96-bbee-8a8a8cf0b11b: TaskFinished(53,5440,None,true,None)
Sending msg to client play-fork-run-c4603296-72f0-4a96-bbee-8a8a8cf0b11b: TaskStarted(53,5439,None)
Sending msg to client play-fork-run-c4603296-72f0-4a96-bbee-8a8a8cf0b11b: TaskFinished(53,5439,None,true,None)
Sending msg to client play-fork-run-c4603296-72f0-4a96-bbee-8a8a8cf0b11b: DetachedLogEvent(LogMessage(debug,cancel strategy finish enabled=false lastCommand=Some(LastCommand(CommandExecutionWork(ExecutionId(53),jobStop 3,Set(LiveClient(activator 89faf3dd-5565-4c80-b54c-fdf88f124ec2)),sbt.server.WorkCancellationStatus$$anon$1@775fc520)))))
Sending msg to client play-fork-run-c4603296-72f0-4a96-bbee-8a8a8cf0b11b: DetachedLogEvent(LogSuccess(Total time: 0 s, completed Jun 17, 2015 8:38:03 PM))
Sending msg to client play-fork-run-c4603296-72f0-4a96-bbee-8a8a8cf0b11b: DetachedLogEvent(LogMessage(debug,> server-post-command-cleanup))
Sending msg to client play-fork-run-c4603296-72f0-4a96-bbee-8a8a8cf0b11b: ExecutionSuccess(53)
Sending msg to client play-fork-run-c4603296-72f0-4a96-bbee-8a8a8cf0b11b: DetachedLogEvent(LogMessage(debug,> server-handle-next-server-request))
Got request: UnlistenToEvents()
Reading next message from client.
Sending msg to client play-fork-run-c4603296-72f0-4a96-bbee-8a8a8cf0b11b: (9,ReceivedResponse())
Got request: UnlistenToValue(AttributeKey[play.forkrun.protocol.ForkConfig]("playForkConfig") in Scope(Build: file:/home/oneironym/jp/metadata-browser/, , Project: ProjectReference(file:/home/oneironym/jp/metadata-browser/,root)))
Reading next message from client.
Client play-fork-run-c4603296-72f0-4a96-bbee-8a8a8cf0b11b EOF, shutting down.
Stopping client.
Client play-fork-run-c4603296-72f0-4a96-bbee-8a8a8cf0b11b thread exiting.
Dropping message (10,ReceivedResponse()) to dead client play-fork-run-c4603296-72f0-4a96-bbee-8a8a8cf0b11b
Dropping message (0,ReceivedResponse()) to dead client play-fork-run-c4603296-72f0-4a96-bbee-8a8a8cf0b11b
