2015-05-31 21:13:17,298 - [INFO] - from play in play-fork-run-akka.actor.default-dispatcher-2 
Listening for HTTP on /0:0:0:0:0:0:0:0:9000

2015-05-31 21:13:40,799 - [INFO] - from play in play-internal-execution-context-1 
Application started (Dev)

2015-05-31 21:26:24,171 - [ERROR] - from application in New I/O worker #7 


! @6mb550b29 - Internal server error, for (GET) [/] ->

play.forkrun.protocol.Serializers$playExceptionPickler$$anon$1: Compilation error[value Hierarchy is not a member of object controllers.routes]
	at play.forkrun.protocol.Serializers$playExceptionPickler$.unpickle(Serializers.scala:161) ~[na:na]
	at play.forkrun.protocol.Serializers$PlayRunsupportReloaderCompileFailureUnpickler$macro$50$2$.unpickle(Serializers.scala:178) ~[na:na]
	at play.forkrun.protocol.Serializers$PlayRunsupportReloaderCompileResultUnpickler$macro$60$2$.unpickle(Serializers.scala:184) ~[na:na]
	at scala.pickling.Unpickler$class.unpickleEntry(Pickler.scala:79) ~[na:na]
	at play.forkrun.protocol.Serializers$PlayRunsupportReloaderCompileResultUnpickler$macro$60$2$.unpickleEntry(Serializers.scala:184) ~[na:na]
	at scala.pickling.functions$.unpickle(functions.scala:11) ~[na:na]
	at sbt.serialization.JsonValue$$anonfun$parse$1.apply(SerializedValue.scala:104) ~[na:na]
	at scala.util.Try$.apply(Try.scala:191) ~[scala-library-2.11.1.jar:na]
	at sbt.serialization.JsonValue.parse(SerializedValue.scala:104) ~[na:na]
	at sbt.protocol.BuildValue.value(Values.scala:11) ~[na:na]
	at sbt.protocol.TaskSuccess.resultWithCustomThrowable(Values.scala:65) ~[na:na]
	at sbt.protocol.TaskResult$class.result(Values.scala:56) ~[na:na]
	at sbt.protocol.TaskSuccess.result(Values.scala:62) ~[na:na]
	at play.forkrun.ForkRun$$anonfun$reloading$1.applyOrElse(ForkRun.scala:193) ~[na:na]
	at akka.actor.Actor$class.aroundReceive(Actor.scala:465) ~[akka-actor_2.11-2.3.4.jar:na]
	at play.forkrun.ForkRun.aroundReceive(ForkRun.scala:148) ~[na:na]
	at akka.actor.ActorCell.receiveMessage(ActorCell.scala:516) ~[akka-actor_2.11-2.3.4.jar:na]
	at akka.actor.ActorCell.invoke(ActorCell.scala:487) ~[akka-actor_2.11-2.3.4.jar:na]
	at akka.dispatch.Mailbox.processMailbox(Mailbox.scala:254) ~[akka-actor_2.11-2.3.4.jar:na]
	at akka.dispatch.Mailbox.run(Mailbox.scala:221) ~[akka-actor_2.11-2.3.4.jar:na]
	at akka.dispatch.Mailbox.exec(Mailbox.scala:231) ~[akka-actor_2.11-2.3.4.jar:na]
	at scala.concurrent.forkjoin.ForkJoinTask.doExec(ForkJoinTask.java:260) ~[scala-library-2.11.1.jar:na]
	at scala.concurrent.forkjoin.ForkJoinPool$WorkQueue.pollAndExecAll(ForkJoinPool.java:1253) ~[scala-library-2.11.1.jar:na]
	at scala.concurrent.forkjoin.ForkJoinPool$WorkQueue.runTask(ForkJoinPool.java:1346) ~[scala-library-2.11.1.jar:na]
	at scala.concurrent.forkjoin.ForkJoinPool.runWorker(ForkJoinPool.java:1979) ~[scala-library-2.11.1.jar:na]
	at scala.concurrent.forkjoin.ForkJoinWorkerThread.run(ForkJoinWorkerThread.java:107) ~[scala-library-2.11.1.jar:na]

2015-05-31 21:26:46,693 - [INFO] - from play in play-internal-execution-context-1 
Application started (Dev)

2015-05-31 21:44:53,356 - [ERROR] - from application in New I/O worker #11 


! @6mb57bdon - Internal server error, for (GET) [/] ->

play.forkrun.protocol.Serializers$playExceptionPickler$$anon$1: Compilation error[type mismatch;
 found   : models.SparqlQueryResults
 required: models.SpatialQueryResults]
	at play.forkrun.protocol.Serializers$playExceptionPickler$.unpickle(Serializers.scala:161) ~[na:na]
	at play.forkrun.protocol.Serializers$PlayRunsupportReloaderCompileFailureUnpickler$macro$50$2$.unpickle(Serializers.scala:178) ~[na:na]
	at play.forkrun.protocol.Serializers$PlayRunsupportReloaderCompileResultUnpickler$macro$60$2$.unpickle(Serializers.scala:184) ~[na:na]
	at scala.pickling.Unpickler$class.unpickleEntry(Pickler.scala:79) ~[na:na]
	at play.forkrun.protocol.Serializers$PlayRunsupportReloaderCompileResultUnpickler$macro$60$2$.unpickleEntry(Serializers.scala:184) ~[na:na]
	at scala.pickling.functions$.unpickle(functions.scala:11) ~[na:na]
	at sbt.serialization.JsonValue$$anonfun$parse$1.apply(SerializedValue.scala:104) ~[na:na]
	at scala.util.Try$.apply(Try.scala:191) ~[scala-library-2.11.1.jar:na]
	at sbt.serialization.JsonValue.parse(SerializedValue.scala:104) ~[na:na]
	at sbt.protocol.BuildValue.value(Values.scala:11) ~[na:na]
	at sbt.protocol.TaskSuccess.resultWithCustomThrowable(Values.scala:65) ~[na:na]
	at sbt.protocol.TaskResult$class.result(Values.scala:56) ~[na:na]
	at sbt.protocol.TaskSuccess.result(Values.scala:62) ~[na:na]
	at play.forkrun.ForkRun$$anonfun$reloading$1.applyOrElse(ForkRun.scala:193) ~[na:na]
	at akka.actor.Actor$class.aroundReceive(Actor.scala:465) ~[akka-actor_2.11-2.3.4.jar:na]
	at play.forkrun.ForkRun.aroundReceive(ForkRun.scala:148) ~[na:na]
	at akka.actor.ActorCell.receiveMessage(ActorCell.scala:516) ~[akka-actor_2.11-2.3.4.jar:na]
	at akka.actor.ActorCell.invoke(ActorCell.scala:487) ~[akka-actor_2.11-2.3.4.jar:na]
	at akka.dispatch.Mailbox.processMailbox(Mailbox.scala:254) ~[akka-actor_2.11-2.3.4.jar:na]
	at akka.dispatch.Mailbox.run(Mailbox.scala:221) ~[akka-actor_2.11-2.3.4.jar:na]
	at akka.dispatch.Mailbox.exec(Mailbox.scala:231) ~[akka-actor_2.11-2.3.4.jar:na]
	at scala.concurrent.forkjoin.ForkJoinTask.doExec(ForkJoinTask.java:260) ~[scala-library-2.11.1.jar:na]
	at scala.concurrent.forkjoin.ForkJoinPool$WorkQueue.runTask(ForkJoinPool.java:1339) ~[scala-library-2.11.1.jar:na]
	at scala.concurrent.forkjoin.ForkJoinPool.runWorker(ForkJoinPool.java:1979) ~[scala-library-2.11.1.jar:na]
	at scala.concurrent.forkjoin.ForkJoinWorkerThread.run(ForkJoinWorkerThread.java:107) ~[scala-library-2.11.1.jar:na]

2015-05-31 21:49:04,131 - [ERROR] - from application in New I/O worker #12 


! @6mb57pknp - Internal server error, for (GET) [/] ->

play.forkrun.protocol.Serializers$playExceptionPickler$$anon$1: Compilation error[method render in class views.html.spatial_faceting cannot be applied to given types;
  required: play.data.Form<views.formdata.FacetFormData>,models.FacetsWithCategories,models.FacetsWithCategories,models.FacetsWithCategories,models.FacetsWithCategories,models.FacetsWithCategories,java.lang.String,java.lang.String,java.util.Map<java.lang.String,models.SpatialQueryResults>,java.lang.String
  found: play.data.Form<views.formdata.FacetFormData>,models.FacetsWithCategories,models.FacetsWithCategories,models.FacetsWithCategories,models.FacetsWithCategories,models.FacetsWithCategories,java.lang.String,java.lang.String,java.util.TreeMap<java.lang.String,models.SparqlQueryResults>,java.lang.String
  reason: actual argument java.util.TreeMap<java.lang.String,models.SparqlQueryResults> cannot be converted to java.util.Map<java.lang.String,models.SpatialQueryResults> by method invocation conversion]
	at play.forkrun.protocol.Serializers$playExceptionPickler$.unpickle(Serializers.scala:161) ~[na:na]
	at play.forkrun.protocol.Serializers$PlayRunsupportReloaderCompileFailureUnpickler$macro$50$2$.unpickle(Serializers.scala:178) ~[na:na]
	at play.forkrun.protocol.Serializers$PlayRunsupportReloaderCompileResultUnpickler$macro$60$2$.unpickle(Serializers.scala:184) ~[na:na]
	at scala.pickling.Unpickler$class.unpickleEntry(Pickler.scala:79) ~[na:na]
	at play.forkrun.protocol.Serializers$PlayRunsupportReloaderCompileResultUnpickler$macro$60$2$.unpickleEntry(Serializers.scala:184) ~[na:na]
	at scala.pickling.functions$.unpickle(functions.scala:11) ~[na:na]
	at sbt.serialization.JsonValue$$anonfun$parse$1.apply(SerializedValue.scala:104) ~[na:na]
	at scala.util.Try$.apply(Try.scala:191) ~[scala-library-2.11.1.jar:na]
	at sbt.serialization.JsonValue.parse(SerializedValue.scala:104) ~[na:na]
	at sbt.protocol.BuildValue.value(Values.scala:11) ~[na:na]
	at sbt.protocol.TaskSuccess.resultWithCustomThrowable(Values.scala:65) ~[na:na]
	at sbt.protocol.TaskResult$class.result(Values.scala:56) ~[na:na]
	at sbt.protocol.TaskSuccess.result(Values.scala:62) ~[na:na]
	at play.forkrun.ForkRun$$anonfun$reloading$1.applyOrElse(ForkRun.scala:193) ~[na:na]
	at akka.actor.Actor$class.aroundReceive(Actor.scala:465) ~[akka-actor_2.11-2.3.4.jar:na]
	at play.forkrun.ForkRun.aroundReceive(ForkRun.scala:148) ~[na:na]
	at akka.actor.ActorCell.receiveMessage(ActorCell.scala:516) ~[akka-actor_2.11-2.3.4.jar:na]
	at akka.actor.ActorCell.invoke(ActorCell.scala:487) ~[akka-actor_2.11-2.3.4.jar:na]
	at akka.dispatch.Mailbox.processMailbox(Mailbox.scala:254) ~[akka-actor_2.11-2.3.4.jar:na]
	at akka.dispatch.Mailbox.run(Mailbox.scala:221) ~[akka-actor_2.11-2.3.4.jar:na]
	at akka.dispatch.Mailbox.exec(Mailbox.scala:231) ~[akka-actor_2.11-2.3.4.jar:na]
	at scala.concurrent.forkjoin.ForkJoinTask.doExec(ForkJoinTask.java:260) ~[scala-library-2.11.1.jar:na]
	at scala.concurrent.forkjoin.ForkJoinPool$WorkQueue.pollAndExecAll(ForkJoinPool.java:1253) ~[scala-library-2.11.1.jar:na]
	at scala.concurrent.forkjoin.ForkJoinPool$WorkQueue.runTask(ForkJoinPool.java:1346) ~[scala-library-2.11.1.jar:na]
	at scala.concurrent.forkjoin.ForkJoinPool.runWorker(ForkJoinPool.java:1979) ~[scala-library-2.11.1.jar:na]
	at scala.concurrent.forkjoin.ForkJoinWorkerThread.run(ForkJoinWorkerThread.java:107) ~[scala-library-2.11.1.jar:na]

